<?xml version="1.0" encoding="UTF-8"?>
<!-- Generated by org.testng.reporters.JUnitReportReporter -->
<testsuite hostname="DESKTOP-0J0IQEU" failures="0" tests="2" name="meetpatel.Mavenjava.RESTAPITest" time="0.006" errors="0" timestamp="2022-06-16T13:38:06 EDT" skipped="0">
  <testcase classname="meetpatel.Mavenjava.RESTAPITest" name="PostJira" time="0.006"/>
  <system-out/>
  <testcase classname="meetpatel.Mavenjava.RESTAPITest" name="deleteTwiter" time="0.000"/>
  <system-out/>
</testsuite> <!-- meetpatel.Mavenjava.RESTAPITest -->
