<?xml version="1.0" encoding="UTF-8"?>
<!-- Generated by org.testng.reporters.JUnitReportReporter -->
<testsuite hostname="DESKTOP-0J0IQEU" failures="0" tests="2" name="meetpatel.Mavenjava.SeleniumTest" time="23.200" errors="0" timestamp="2022-06-16T13:38:06 EDT" skipped="0">
  <testcase classname="meetpatel.Mavenjava.SeleniumTest" name="ElementsUI" time="0.001"/>
  <system-out/>
  <testcase classname="meetpatel.Mavenjava.SeleniumTest" name="BrowserAutomation" time="23.199"/>
  <system-out/>
</testsuite> <!-- meetpatel.Mavenjava.SeleniumTest -->
